#
# There is insufficient memory for the Java Runtime Environment to continue.
# Native memory allocation (mmap) failed to map 65536 bytes for Failed to commit metaspace.
# Possible reasons:
#   The system is out of physical RAM or swap space
#   The process is running with CompressedOops enabled, and the Java Heap may be blocking the growth of the native heap
# Possible solutions:
#   Reduce memory load on the system
#   Increase physical memory or swap space
#   Check if swap backing store is full
#   Decrease Java heap size (-Xmx/-Xms)
#   Decrease number of Java threads
#   Decrease Java thread stack sizes (-Xss)
#   Set larger code cache with -XX:ReservedCodeCacheSize=
#   JVM is running with Unscaled Compressed Oops mode in which the Java heap is
#     placed in the first 4GB address space. The Java Heap base address is the
#     maximum limit for the native heap growth. Please use -XX:HeapBaseMinAddress
#     to set the Java Heap base and to place the Java Heap above 4GB virtual address.
# This output file may be truncated or incomplete.
#
#  Out of Memory Error (virtualSpaceNode.cpp:110), pid=23580, tid=15196
#
# JRE version: Java(TM) SE Runtime Environment (17.0.11+7) (build 17.0.11+7-LTS-207)
# Java VM: Java HotSpot(TM) 64-Bit Server VM (17.0.11+7-LTS-207, mixed mode, emulated-client, sharing, tiered, compressed oops, compressed class ptrs, g1 gc, windows-amd64)
# No core dump will be written. Minidumps are not enabled by default on client versions of Windows
#

---------------  S U M M A R Y ------------

Command Line: -XX:TieredStopAtLevel=1 -Dspring.output.ansi.enabled=always -Dcom.sun.management.jmxremote -Dspring.jmx.enabled=true -Dspring.liveBeansView.mbeanDomain -Dspring.application.admin.enabled=true -Dmanagement.endpoints.jmx.exposure.include=* -javaagent:C:\Program Files\JetBrains\IntelliJ IDEA 2024.2.0.2\lib\idea_rt.jar=51729:C:\Program Files\JetBrains\IntelliJ IDEA 2024.2.0.2\bin -Dfile.encoding=UTF-8 com.universidad.user.UserServiceApplication

Host: 11th Gen Intel(R) Core(TM) i7-1165G7 @ 2.80GHz, 8 cores, 7G,  Windows 11 , 64 bit Build 22621 (10.0.22621.3958)
Time: Sat Oct 19 13:08:35 2024 Hora est. Pacífico, Sudamérica elapsed time: 1.174600 seconds (0d 0h 0m 1s)

---------------  T H R E A D  ---------------

Current thread (0x00000165a86b9d30):  JavaThread "main" [_thread_in_vm, id=15196, stack(0x00000051abf00000,0x00000051ac000000)]

Stack: [0x00000051abf00000,0x00000051ac000000]
Native frames: (J=compiled Java code, j=interpreted, Vv=VM code, C=native code)
V  [jvm.dll+0x679cca]
V  [jvm.dll+0x7da13d]
V  [jvm.dll+0x7dba83]
V  [jvm.dll+0x7dc0f3]
V  [jvm.dll+0x2449af]
V  [jvm.dll+0x7d5d0b]
V  [jvm.dll+0x6200b6]
V  [jvm.dll+0x1be687]
V  [jvm.dll+0x622a12]
V  [jvm.dll+0x620a76]
V  [jvm.dll+0x2422dc]
V  [jvm.dll+0x6d079d]
V  [jvm.dll+0x6d116f]
V  [jvm.dll+0x36dd25]
V  [jvm.dll+0x36cdd4]
V  [jvm.dll+0x36cd78]
V  [jvm.dll+0x37ca9a]
C  0x00000165aff79aed

Java frames: (J=compiled Java code, j=interpreted, Vv=VM code)
j  org.springframework.boot.context.properties.source.SpringConfigurationPropertySources.iterator()Ljava/util/Iterator;+0
j  org.springframework.boot.context.properties.source.ConfigurationPropertySourcesPropertySource.findConfigurationProperty(Lorg/springframework/boot/context/properties/source/ConfigurationPropertyName;)Lorg/springframework/boot/context/properties/source/ConfigurationProperty;+13
j  org.springframework.boot.context.properties.source.ConfigurationPropertySourcesPropertyResolver.findPropertyValue(Ljava/lang/String;)Ljava/lang/Object;+21
j  org.springframework.boot.context.properties.source.ConfigurationPropertySourcesPropertyResolver.getProperty(Ljava/lang/String;Ljava/lang/Class;Z)Ljava/lang/Object;+2
j  org.springframework.boot.context.properties.source.ConfigurationPropertySourcesPropertyResolver.getProperty(Ljava/lang/String;Ljava/lang/Class;)Ljava/lang/Object;+4
j  org.springframework.core.env.AbstractPropertyResolver.getProperty(Ljava/lang/String;Ljava/lang/Class;Ljava/lang/Object;)Ljava/lang/Object;+3
j  org.springframework.core.env.AbstractEnvironment.getProperty(Ljava/lang/String;Ljava/lang/Class;Ljava/lang/Object;)Ljava/lang/Object;+7
j  org.springframework.cloud.util.PropertyUtils.bootstrapEnabled(Lorg/springframework/core/env/Environment;)Z+9
j  org.springframework.cloud.bootstrap.BootstrapApplicationListener.onApplicationEvent(Lorg/springframework/boot/context/event/ApplicationEnvironmentPreparedEvent;)V+6
j  org.springframework.cloud.bootstrap.BootstrapApplicationListener.onApplicationEvent(Lorg/springframework/context/ApplicationEvent;)V+5
j  org.springframework.context.event.SimpleApplicationEventMulticaster.doInvokeListener(Lorg/springframework/context/ApplicationListener;Lorg/springframework/context/ApplicationEvent;)V+2
j  org.springframework.context.event.SimpleApplicationEventMulticaster.invokeListener(Lorg/springframework/context/ApplicationListener;Lorg/springframework/context/ApplicationEvent;)V+34
j  org.springframework.context.event.SimpleApplicationEventMulticaster.multicastEvent(Lorg/springframework/context/ApplicationEvent;Lorg/springframework/core/ResolvableType;)V+82
j  org.springframework.context.event.SimpleApplicationEventMulticaster.multicastEvent(Lorg/springframework/context/ApplicationEvent;)V+3
j  org.springframework.boot.context.event.EventPublishingRunListener.multicastInitialEvent(Lorg/springframework/context/ApplicationEvent;)V+9
j  org.springframework.boot.context.event.EventPublishingRunListener.environmentPrepared(Lorg/springframework/boot/ConfigurableBootstrapContext;Lorg/springframework/core/env/ConfigurableEnvironment;)V+18
j  org.springframework.boot.SpringApplicationRunListeners.lambda$environmentPrepared$2(Lorg/springframework/boot/ConfigurableBootstrapContext;Lorg/springframework/core/env/ConfigurableEnvironment;Lorg/springframework/boot/SpringApplicationRunListener;)V+3
j  org.springframework.boot.SpringApplicationRunListeners$$Lambda$176+0x00000165bc12e238.accept(Ljava/lang/Object;)V+12
j  java.lang.Iterable.forEach(Ljava/util/function/Consumer;)V+30 java.base@17.0.11
j  org.springframework.boot.SpringApplicationRunListeners.doWithListeners(Ljava/lang/String;Ljava/util/function/Consumer;Ljava/util/function/Consumer;)V+17
j  org.springframework.boot.SpringApplicationRunListeners.doWithListeners(Ljava/lang/String;Ljava/util/function/Consumer;)V+4
j  org.springframework.boot.SpringApplicationRunListeners.environmentPrepared(Lorg/springframework/boot/ConfigurableBootstrapContext;Lorg/springframework/core/env/ConfigurableEnvironment;)V+10
j  org.springframework.boot.SpringApplication.prepareEnvironment(Lorg/springframework/boot/SpringApplicationRunListeners;Lorg/springframework/boot/DefaultBootstrapContext;Lorg/springframework/boot/ApplicationArguments;)Lorg/springframework/core/env/ConfigurableEnvironment;+27
j  org.springframework.boot.SpringApplication.run([Ljava/lang/String;)Lorg/springframework/context/ConfigurableApplicationContext;+65
j  org.springframework.boot.SpringApplication.run([Ljava/lang/Class;[Ljava/lang/String;)Lorg/springframework/context/ConfigurableApplicationContext;+9
j  org.springframework.boot.SpringApplication.run(Ljava/lang/Class;[Ljava/lang/String;)Lorg/springframework/context/ConfigurableApplicationContext;+9
j  com.universidad.user.UserServiceApplication.main([Ljava/lang/String;)V+3
v  ~StubRoutines::call_stub

---------------  P R O C E S S  ---------------

Threads class SMR info:
_java_thread_list=0x0000016580511450, length=19, elements={
0x00000165a86b9d30, 0x00000165ba4904a0, 0x00000165ba492070, 0x00000165ba4a1f50,
0x00000165ba4a2a10, 0x00000165ba4a33d0, 0x00000165ba4a5da0, 0x00000165ba4a6810,
0x00000165ba4b0640, 0x00000165ba7d68e0, 0x00000165ba47a460, 0x00000165ba7e43d0,
0x00000165ba7e8900, 0x00000165ba7d7810, 0x00000165ba7d9b80, 0x00000165ba7d8740,
0x00000165ba7d9670, 0x00000165ba7d7300, 0x00000165ba7d9160
}

Java Threads: ( => current thread )
=>0x00000165a86b9d30 JavaThread "main" [_thread_in_vm, id=15196, stack(0x00000051abf00000,0x00000051ac000000)]
  0x00000165ba4904a0 JavaThread "Reference Handler" daemon [_thread_blocked, id=25144, stack(0x00000051ac600000,0x00000051ac700000)]
  0x00000165ba492070 JavaThread "Finalizer" daemon [_thread_blocked, id=10188, stack(0x00000051ac700000,0x00000051ac800000)]
  0x00000165ba4a1f50 JavaThread "Signal Dispatcher" daemon [_thread_blocked, id=28100, stack(0x00000051ac800000,0x00000051ac900000)]
  0x00000165ba4a2a10 JavaThread "Attach Listener" daemon [_thread_blocked, id=27572, stack(0x00000051ac900000,0x00000051aca00000)]
  0x00000165ba4a33d0 JavaThread "Service Thread" daemon [_thread_blocked, id=27320, stack(0x00000051aca00000,0x00000051acb00000)]
  0x00000165ba4a5da0 JavaThread "Monitor Deflation Thread" daemon [_thread_blocked, id=28556, stack(0x00000051acb00000,0x00000051acc00000)]
  0x00000165ba4a6810 JavaThread "C1 CompilerThread0" daemon [_thread_blocked, id=26844, stack(0x00000051acc00000,0x00000051acd00000)]
  0x00000165ba4b0640 JavaThread "Sweeper thread" daemon [_thread_blocked, id=14824, stack(0x00000051acd00000,0x00000051ace00000)]
  0x00000165ba7d68e0 JavaThread "Common-Cleaner" daemon [_thread_blocked, id=12356, stack(0x00000051ace00000,0x00000051acf00000)]
  0x00000165ba47a460 JavaThread "C1 CompilerThread1" daemon [_thread_blocked, id=26336, stack(0x00000051acf00000,0x00000051ad000000)]
  0x00000165ba7e43d0 JavaThread "C1 CompilerThread2" daemon [_thread_blocked, id=23148, stack(0x00000051ad000000,0x00000051ad100000)]
  0x00000165ba7e8900 JavaThread "C1 CompilerThread3" daemon [_thread_blocked, id=584, stack(0x00000051ad100000,0x00000051ad200000)]
  0x00000165ba7d7810 JavaThread "Monitor Ctrl-Break" daemon [_thread_in_native, id=7972, stack(0x00000051ad300000,0x00000051ad400000)]
  0x00000165ba7d9b80 JavaThread "Notification Thread" daemon [_thread_blocked, id=10992, stack(0x00000051ad200000,0x00000051ad300000)]
  0x00000165ba7d8740 JavaThread "RMI TCP Accept-0" daemon [_thread_in_native, id=18360, stack(0x00000051ad400000,0x00000051ad500000)]
  0x00000165ba7d9670 JavaThread "RMI TCP Connection(1)-192.168.126.47" daemon [_thread_in_native, id=11324, stack(0x00000051ad500000,0x00000051ad600000)]
  0x00000165ba7d7300 JavaThread "RMI Scheduler(0)" daemon [_thread_blocked, id=10888, stack(0x00000051ad700000,0x00000051ad800000)]
  0x00000165ba7d9160 JavaThread "JMX server connection timeout 20" daemon [_thread_blocked, id=17600, stack(0x00000051ad800000,0x00000051ad900000)]

Other Threads:
  0x00000165ba48ca00 VMThread "VM Thread" [stack: 0x00000051ac500000,0x00000051ac600000] [id=21552]
  0x00000165a86babb0 WatcherThread [stack: 0x00000051ad600000,0x00000051ad700000] [id=27912]
  0x00000165a871c890 GCTaskThread "GC Thread#0" [stack: 0x00000051ac000000,0x00000051ac100000] [id=15816]
  0x000001658081e5e0 GCTaskThread "GC Thread#1" [stack: 0x00000051ad900000,0x00000051ada00000] [id=19916]
  0x000001658085e460 GCTaskThread "GC Thread#2" [stack: 0x00000051ada00000,0x00000051adb00000] [id=12784]
  0x0000016580886760 GCTaskThread "GC Thread#3" [stack: 0x00000051adb00000,0x00000051adc00000] [id=5904]
  0x0000016580890200 GCTaskThread "GC Thread#4" [stack: 0x00000051adc00000,0x00000051add00000] [id=15668]
  0x00000165808920f0 GCTaskThread "GC Thread#5" [stack: 0x00000051add00000,0x00000051ade00000] [id=2476]
  0x0000016580892bc0 GCTaskThread "GC Thread#6" [stack: 0x00000051ade00000,0x00000051adf00000] [id=20376]
  0x0000016580892e80 GCTaskThread "GC Thread#7" [stack: 0x00000051adf00000,0x00000051ae000000] [id=16504]
  0x00000165a872f1c0 ConcurrentGCThread "G1 Main Marker" [stack: 0x00000051ac100000,0x00000051ac200000] [id=2640]
  0x00000165a872fbd0 ConcurrentGCThread "G1 Conc#0" [stack: 0x00000051ac200000,0x00000051ac300000] [id=28464]
  0x00000165a876d040 ConcurrentGCThread "G1 Refine#0" [stack: 0x00000051ac300000,0x00000051ac400000] [id=10892]
  0x0000016580894750 ConcurrentGCThread "G1 Refine#1" [stack: 0x00000051ae000000,0x00000051ae100000] [id=3312]
  0x00000165a876d980 ConcurrentGCThread "G1 Service" [stack: 0x00000051ac400000,0x00000051ac500000] [id=22152]

Threads with active compile tasks:

VM state: not at safepoint (normal execution)

VM Mutex/Monitor currently owned by a thread:  ([mutex/lock_event])
[0x00000165a86b49f0] Metaspace_lock - owner thread: 0x00000165a86b9d30

Heap address: 0x0000000083200000, size: 1998 MB, Compressed Oops mode: 32-bit

CDS archive(s) mapped at: [0x00000165bb000000-0x00000165bbbd0000-0x00000165bbbd0000), size 12386304, SharedBaseAddress: 0x00000165bb000000, ArchiveRelocationMode: 1.
Compressed class space mapped at: 0x00000165bc000000-0x00000165fc000000, reserved size: 1073741824
Narrow klass base: 0x00000165bb000000, Narrow klass shift: 0, Narrow klass range: 0x100000000

GC Precious Log:
 CPUs: 8 total, 8 available
 Memory: 7991M
 Large Page Support: Disabled
 NUMA Support: Disabled
 Compressed Oops: Enabled (32-bit)
 Heap Region Size: 1M
 Heap Min Capacity: 8M
 Heap Initial Capacity: 126M
 Heap Max Capacity: 1998M
 Pre-touch: Disabled
 Parallel Workers: 8
 Concurrent Workers: 2
 Concurrent Refinement Workers: 8
 Periodic GC: Disabled

Heap:
 garbage-first heap   total 129024K, used 17429K [0x0000000083200000, 0x0000000100000000)
  region size 1024K, 13 young (13312K), 3 survivors (3072K)
 Metaspace       used 8714K, committed 8896K, reserved 1114112K
  class space    used 1131K, committed 1216K, reserved 1048576K

Heap Regions: E=young(eden), S=young(survivor), O=old, HS=humongous(starts), HC=humongous(continues), CS=collection set, F=free, OA=open archive, CA=closed archive, TAMS=top-at-mark-start (previous, next)
|   0|0x0000000083200000, 0x0000000083200000, 0x0000000083300000|  0%| F|  |TAMS 0x0000000083200000, 0x0000000083200000| Untracked 
|   1|0x0000000083300000, 0x0000000083400000, 0x0000000083400000|100%| O|  |TAMS 0x0000000083300000, 0x0000000083300000| Untracked 
|   2|0x0000000083400000, 0x0000000083500000, 0x0000000083500000|100%| O|  |TAMS 0x0000000083400000, 0x0000000083400000| Untracked 
|   3|0x0000000083500000, 0x0000000083600000, 0x0000000083600000|100%| O|  |TAMS 0x0000000083500000, 0x0000000083500000| Untracked 
|   4|0x0000000083600000, 0x0000000083700000, 0x0000000083700000|100%| O|  |TAMS 0x0000000083600000, 0x0000000083600000| Untracked 
|   5|0x0000000083700000, 0x0000000083800000, 0x0000000083800000|100%| O|  |TAMS 0x0000000083700000, 0x0000000083700000| Untracked 
|   6|0x0000000083800000, 0x0000000083805600, 0x0000000083900000|  2%| O|  |TAMS 0x0000000083800000, 0x0000000083800000| Untracked 
|   7|0x0000000083900000, 0x0000000083900000, 0x0000000083a00000|  0%| F|  |TAMS 0x0000000083900000, 0x0000000083900000| Untracked 
|   8|0x0000000083a00000, 0x0000000083a00000, 0x0000000083b00000|  0%| F|  |TAMS 0x0000000083a00000, 0x0000000083a00000| Untracked 
|   9|0x0000000083b00000, 0x0000000083b00000, 0x0000000083c00000|  0%| F|  |TAMS 0x0000000083b00000, 0x0000000083b00000| Untracked 
|  10|0x0000000083c00000, 0x0000000083c00000, 0x0000000083d00000|  0%| F|  |TAMS 0x0000000083c00000, 0x0000000083c00000| Untracked 
|  11|0x0000000083d00000, 0x0000000083d00000, 0x0000000083e00000|  0%| F|  |TAMS 0x0000000083d00000, 0x0000000083d00000| Untracked 
|  12|0x0000000083e00000, 0x0000000083e00000, 0x0000000083f00000|  0%| F|  |TAMS 0x0000000083e00000, 0x0000000083e00000| Untracked 
|  13|0x0000000083f00000, 0x0000000083f00000, 0x0000000084000000|  0%| F|  |TAMS 0x0000000083f00000, 0x0000000083f00000| Untracked 
|  14|0x0000000084000000, 0x0000000084000000, 0x0000000084100000|  0%| F|  |TAMS 0x0000000084000000, 0x0000000084000000| Untracked 
|  15|0x0000000084100000, 0x0000000084100000, 0x0000000084200000|  0%| F|  |TAMS 0x0000000084100000, 0x0000000084100000| Untracked 
|  16|0x0000000084200000, 0x0000000084200000, 0x0000000084300000|  0%| F|  |TAMS 0x0000000084200000, 0x0000000084200000| Untracked 
|  17|0x0000000084300000, 0x0000000084300000, 0x0000000084400000|  0%| F|  |TAMS 0x0000000084300000, 0x0000000084300000| Untracked 
|  18|0x0000000084400000, 0x0000000084400000, 0x0000000084500000|  0%| F|  |TAMS 0x0000000084400000, 0x0000000084400000| Untracked 
|  19|0x0000000084500000, 0x0000000084500000, 0x0000000084600000|  0%| F|  |TAMS 0x0000000084500000, 0x0000000084500000| Untracked 
|  20|0x0000000084600000, 0x0000000084600000, 0x0000000084700000|  0%| F|  |TAMS 0x0000000084600000, 0x0000000084600000| Untracked 
|  21|0x0000000084700000, 0x0000000084700000, 0x0000000084800000|  0%| F|  |TAMS 0x0000000084700000, 0x0000000084700000| Untracked 
|  22|0x0000000084800000, 0x0000000084800000, 0x0000000084900000|  0%| F|  |TAMS 0x0000000084800000, 0x0000000084800000| Untracked 
|  23|0x0000000084900000, 0x0000000084900000, 0x0000000084a00000|  0%| F|  |TAMS 0x0000000084900000, 0x0000000084900000| Untracked 
|  24|0x0000000084a00000, 0x0000000084a00000, 0x0000000084b00000|  0%| F|  |TAMS 0x0000000084a00000, 0x0000000084a00000| Untracked 
|  25|0x0000000084b00000, 0x0000000084b00000, 0x0000000084c00000|  0%| F|  |TAMS 0x0000000084b00000, 0x0000000084b00000| Untracked 
|  26|0x0000000084c00000, 0x0000000084c00000, 0x0000000084d00000|  0%| F|  |TAMS 0x0000000084c00000, 0x0000000084c00000| Untracked 
|  27|0x0000000084d00000, 0x0000000084d00000, 0x0000000084e00000|  0%| F|  |TAMS 0x0000000084d00000, 0x0000000084d00000| Untracked 
|  28|0x0000000084e00000, 0x0000000084e00000, 0x0000000084f00000|  0%| F|  |TAMS 0x0000000084e00000, 0x0000000084e00000| Untracked 
|  29|0x0000000084f00000, 0x0000000084f00000, 0x0000000085000000|  0%| F|  |TAMS 0x0000000084f00000, 0x0000000084f00000| Untracked 
|  30|0x0000000085000000, 0x0000000085000000, 0x0000000085100000|  0%| F|  |TAMS 0x0000000085000000, 0x0000000085000000| Untracked 
|  31|0x0000000085100000, 0x0000000085100000, 0x0000000085200000|  0%| F|  |TAMS 0x0000000085100000, 0x0000000085100000| Untracked 
|  32|0x0000000085200000, 0x0000000085200000, 0x0000000085300000|  0%| F|  |TAMS 0x0000000085200000, 0x0000000085200000| Untracked 
|  33|0x0000000085300000, 0x0000000085300000, 0x0000000085400000|  0%| F|  |TAMS 0x0000000085300000, 0x0000000085300000| Untracked 
|  34|0x0000000085400000, 0x0000000085400000, 0x0000000085500000|  0%| F|  |TAMS 0x0000000085400000, 0x0000000085400000| Untracked 
|  35|0x0000000085500000, 0x0000000085500000, 0x0000000085600000|  0%| F|  |TAMS 0x0000000085500000, 0x0000000085500000| Untracked 
|  36|0x0000000085600000, 0x0000000085600000, 0x0000000085700000|  0%| F|  |TAMS 0x0000000085600000, 0x0000000085600000| Untracked 
|  37|0x0000000085700000, 0x0000000085700000, 0x0000000085800000|  0%| F|  |TAMS 0x0000000085700000, 0x0000000085700000| Untracked 
|  38|0x0000000085800000, 0x0000000085800000, 0x0000000085900000|  0%| F|  |TAMS 0x0000000085800000, 0x0000000085800000| Untracked 
|  39|0x0000000085900000, 0x0000000085900000, 0x0000000085a00000|  0%| F|  |TAMS 0x0000000085900000, 0x0000000085900000| Untracked 
|  40|0x0000000085a00000, 0x0000000085a00000, 0x0000000085b00000|  0%| F|  |TAMS 0x0000000085a00000, 0x0000000085a00000| Untracked 
|  41|0x0000000085b00000, 0x0000000085b00000, 0x0000000085c00000|  0%| F|  |TAMS 0x0000000085b00000, 0x0000000085b00000| Untracked 
|  42|0x0000000085c00000, 0x0000000085c00000, 0x0000000085d00000|  0%| F|  |TAMS 0x0000000085c00000, 0x0000000085c00000| Untracked 
|  43|0x0000000085d00000, 0x0000000085d00000, 0x0000000085e00000|  0%| F|  |TAMS 0x0000000085d00000, 0x0000000085d00000| Untracked 
|  44|0x0000000085e00000, 0x0000000085e00000, 0x0000000085f00000|  0%| F|  |TAMS 0x0000000085e00000, 0x0000000085e00000| Untracked 
|  45|0x0000000085f00000, 0x0000000085f00000, 0x0000000086000000|  0%| F|  |TAMS 0x0000000085f00000, 0x0000000085f00000| Untracked 
|  46|0x0000000086000000, 0x0000000086000000, 0x0000000086100000|  0%| F|  |TAMS 0x0000000086000000, 0x0000000086000000| Untracked 
|  47|0x0000000086100000, 0x0000000086100000, 0x0000000086200000|  0%| F|  |TAMS 0x0000000086100000, 0x0000000086100000| Untracked 
|  48|0x0000000086200000, 0x0000000086200000, 0x0000000086300000|  0%| F|  |TAMS 0x0000000086200000, 0x0000000086200000| Untracked 
|  49|0x0000000086300000, 0x0000000086300000, 0x0000000086400000|  0%| F|  |TAMS 0x0000000086300000, 0x0000000086300000| Untracked 
|  50|0x0000000086400000, 0x0000000086400000, 0x0000000086500000|  0%| F|  |TAMS 0x0000000086400000, 0x0000000086400000| Untracked 
|  51|0x0000000086500000, 0x0000000086500000, 0x0000000086600000|  0%| F|  |TAMS 0x0000000086500000, 0x0000000086500000| Untracked 
|  52|0x0000000086600000, 0x0000000086600000, 0x0000000086700000|  0%| F|  |TAMS 0x0000000086600000, 0x0000000086600000| Untracked 
|  53|0x0000000086700000, 0x0000000086700000, 0x0000000086800000|  0%| F|  |TAMS 0x0000000086700000, 0x0000000086700000| Untracked 
|  54|0x0000000086800000, 0x0000000086800000, 0x0000000086900000|  0%| F|  |TAMS 0x0000000086800000, 0x0000000086800000| Untracked 
|  55|0x0000000086900000, 0x0000000086900000, 0x0000000086a00000|  0%| F|  |TAMS 0x0000000086900000, 0x0000000086900000| Untracked 
|  56|0x0000000086a00000, 0x0000000086a00000, 0x0000000086b00000|  0%| F|  |TAMS 0x0000000086a00000, 0x0000000086a00000| Untracked 
|  57|0x0000000086b00000, 0x0000000086b00000, 0x0000000086c00000|  0%| F|  |TAMS 0x0000000086b00000, 0x0000000086b00000| Untracked 
|  58|0x0000000086c00000, 0x0000000086c00000, 0x0000000086d00000|  0%| F|  |TAMS 0x0000000086c00000, 0x0000000086c00000| Untracked 
|  59|0x0000000086d00000, 0x0000000086d00000, 0x0000000086e00000|  0%| F|  |TAMS 0x0000000086d00000, 0x0000000086d00000| Untracked 
|  60|0x0000000086e00000, 0x0000000086e00000, 0x0000000086f00000|  0%| F|  |TAMS 0x0000000086e00000, 0x0000000086e00000| Untracked 
|  61|0x0000000086f00000, 0x0000000086f00000, 0x0000000087000000|  0%| F|  |TAMS 0x0000000086f00000, 0x0000000086f00000| Untracked 
|  62|0x0000000087000000, 0x0000000087000000, 0x0000000087100000|  0%| F|  |TAMS 0x0000000087000000, 0x0000000087000000| Untracked 
|  63|0x0000000087100000, 0x0000000087100000, 0x0000000087200000|  0%| F|  |TAMS 0x0000000087100000, 0x0000000087100000| Untracked 
|  64|0x0000000087200000, 0x0000000087200000, 0x0000000087300000|  0%| F|  |TAMS 0x0000000087200000, 0x0000000087200000| Untracked 
|  65|0x0000000087300000, 0x0000000087300000, 0x0000000087400000|  0%| F|  |TAMS 0x0000000087300000, 0x0000000087300000| Untracked 
|  66|0x0000000087400000, 0x0000000087400000, 0x0000000087500000|  0%| F|  |TAMS 0x0000000087400000, 0x0000000087400000| Untracked 
|  67|0x0000000087500000, 0x0000000087500000, 0x0000000087600000|  0%| F|  |TAMS 0x0000000087500000, 0x0000000087500000| Untracked 
|  68|0x0000000087600000, 0x0000000087600000, 0x0000000087700000|  0%| F|  |TAMS 0x0000000087600000, 0x0000000087600000| Untracked 
|  69|0x0000000087700000, 0x0000000087700000, 0x0000000087800000|  0%| F|  |TAMS 0x0000000087700000, 0x0000000087700000| Untracked 
|  70|0x0000000087800000, 0x0000000087800000, 0x0000000087900000|  0%| F|  |TAMS 0x0000000087800000, 0x0000000087800000| Untracked 
|  71|0x0000000087900000, 0x0000000087900000, 0x0000000087a00000|  0%| F|  |TAMS 0x0000000087900000, 0x0000000087900000| Untracked 
|  72|0x0000000087a00000, 0x0000000087a00000, 0x0000000087b00000|  0%| F|  |TAMS 0x0000000087a00000, 0x0000000087a00000| Untracked 
|  73|0x0000000087b00000, 0x0000000087b00000, 0x0000000087c00000|  0%| F|  |TAMS 0x0000000087b00000, 0x0000000087b00000| Untracked 
|  74|0x0000000087c00000, 0x0000000087c00000, 0x0000000087d00000|  0%| F|  |TAMS 0x0000000087c00000, 0x0000000087c00000| Untracked 
|  75|0x0000000087d00000, 0x0000000087d00000, 0x0000000087e00000|  0%| F|  |TAMS 0x0000000087d00000, 0x0000000087d00000| Untracked 
|  76|0x0000000087e00000, 0x0000000087e00000, 0x0000000087f00000|  0%| F|  |TAMS 0x0000000087e00000, 0x0000000087e00000| Untracked 
|  77|0x0000000087f00000, 0x0000000087f00000, 0x0000000088000000|  0%| F|  |TAMS 0x0000000087f00000, 0x0000000087f00000| Untracked 
|  78|0x0000000088000000, 0x0000000088000000, 0x0000000088100000|  0%| F|  |TAMS 0x0000000088000000, 0x0000000088000000| Untracked 
|  79|0x0000000088100000, 0x0000000088100000, 0x0000000088200000|  0%| F|  |TAMS 0x0000000088100000, 0x0000000088100000| Untracked 
|  80|0x0000000088200000, 0x0000000088200000, 0x0000000088300000|  0%| F|  |TAMS 0x0000000088200000, 0x0000000088200000| Untracked 
|  81|0x0000000088300000, 0x0000000088300000, 0x0000000088400000|  0%| F|  |TAMS 0x0000000088300000, 0x0000000088300000| Untracked 
|  82|0x0000000088400000, 0x0000000088400000, 0x0000000088500000|  0%| F|  |TAMS 0x0000000088400000, 0x0000000088400000| Untracked 
|  83|0x0000000088500000, 0x0000000088500000, 0x0000000088600000|  0%| F|  |TAMS 0x0000000088500000, 0x0000000088500000| Untracked 
|  84|0x0000000088600000, 0x0000000088600000, 0x0000000088700000|  0%| F|  |TAMS 0x0000000088600000, 0x0000000088600000| Untracked 
|  85|0x0000000088700000, 0x0000000088700000, 0x0000000088800000|  0%| F|  |TAMS 0x0000000088700000, 0x0000000088700000| Untracked 
|  86|0x0000000088800000, 0x0000000088800000, 0x0000000088900000|  0%| F|  |TAMS 0x0000000088800000, 0x0000000088800000| Untracked 
|  87|0x0000000088900000, 0x0000000088900000, 0x0000000088a00000|  0%| F|  |TAMS 0x0000000088900000, 0x0000000088900000| Untracked 
|  88|0x0000000088a00000, 0x0000000088a00000, 0x0000000088b00000|  0%| F|  |TAMS 0x0000000088a00000, 0x0000000088a00000| Untracked 
|  89|0x0000000088b00000, 0x0000000088b00000, 0x0000000088c00000|  0%| F|  |TAMS 0x0000000088b00000, 0x0000000088b00000| Untracked 
|  90|0x0000000088c00000, 0x0000000088c00000, 0x0000000088d00000|  0%| F|  |TAMS 0x0000000088c00000, 0x0000000088c00000| Untracked 
|  91|0x0000000088d00000, 0x0000000088d00000, 0x0000000088e00000|  0%| F|  |TAMS 0x0000000088d00000, 0x0000000088d00000| Untracked 
|  92|0x0000000088e00000, 0x0000000088e00000, 0x0000000088f00000|  0%| F|  |TAMS 0x0000000088e00000, 0x0000000088e00000| Untracked 
|  93|0x0000000088f00000, 0x0000000088f00000, 0x0000000089000000|  0%| F|  |TAMS 0x0000000088f00000, 0x0000000088f00000| Untracked 
|  94|0x0000000089000000, 0x0000000089000000, 0x0000000089100000|  0%| F|  |TAMS 0x0000000089000000, 0x0000000089000000| Untracked 
|  95|0x0000000089100000, 0x0000000089100000, 0x0000000089200000|  0%| F|  |TAMS 0x0000000089100000, 0x0000000089100000| Untracked 
|  96|0x0000000089200000, 0x0000000089200000, 0x0000000089300000|  0%| F|  |TAMS 0x0000000089200000, 0x0000000089200000| Untracked 
|  97|0x0000000089300000, 0x0000000089300000, 0x0000000089400000|  0%| F|  |TAMS 0x0000000089300000, 0x0000000089300000| Untracked 
|  98|0x0000000089400000, 0x0000000089400000, 0x0000000089500000|  0%| F|  |TAMS 0x0000000089400000, 0x0000000089400000| Untracked 
|  99|0x0000000089500000, 0x0000000089500000, 0x0000000089600000|  0%| F|  |TAMS 0x0000000089500000, 0x0000000089500000| Untracked 
| 100|0x0000000089600000, 0x0000000089700000, 0x0000000089700000|100%| S|CS|TAMS 0x0000000089600000, 0x0000000089600000| Complete 
| 101|0x0000000089700000, 0x0000000089800000, 0x0000000089800000|100%| S|CS|TAMS 0x0000000089700000, 0x0000000089700000| Complete 
| 102|0x0000000089800000, 0x0000000089900000, 0x0000000089900000|100%| S|CS|TAMS 0x0000000089800000, 0x0000000089800000| Complete 
| 103|0x0000000089900000, 0x0000000089900000, 0x0000000089a00000|  0%| F|  |TAMS 0x0000000089900000, 0x0000000089900000| Untracked 
| 104|0x0000000089a00000, 0x0000000089a00000, 0x0000000089b00000|  0%| F|  |TAMS 0x0000000089a00000, 0x0000000089a00000| Untracked 
| 105|0x0000000089b00000, 0x0000000089b00000, 0x0000000089c00000|  0%| F|  |TAMS 0x0000000089b00000, 0x0000000089b00000| Untracked 
| 106|0x0000000089c00000, 0x0000000089c00000, 0x0000000089d00000|  0%| F|  |TAMS 0x0000000089c00000, 0x0000000089c00000| Untracked 
| 107|0x0000000089d00000, 0x0000000089d00000, 0x0000000089e00000|  0%| F|  |TAMS 0x0000000089d00000, 0x0000000089d00000| Untracked 
| 108|0x0000000089e00000, 0x0000000089e00000, 0x0000000089f00000|  0%| F|  |TAMS 0x0000000089e00000, 0x0000000089e00000| Untracked 
| 109|0x0000000089f00000, 0x0000000089f00000, 0x000000008a000000|  0%| F|  |TAMS 0x0000000089f00000, 0x0000000089f00000| Untracked 
| 110|0x000000008a000000, 0x000000008a000000, 0x000000008a100000|  0%| F|  |TAMS 0x000000008a000000, 0x000000008a000000| Untracked 
| 111|0x000000008a100000, 0x000000008a100000, 0x000000008a200000|  0%| F|  |TAMS 0x000000008a100000, 0x000000008a100000| Untracked 
| 112|0x000000008a200000, 0x000000008a200000, 0x000000008a300000|  0%| F|  |TAMS 0x000000008a200000, 0x000000008a200000| Untracked 
| 113|0x000000008a300000, 0x000000008a300000, 0x000000008a400000|  0%| F|  |TAMS 0x000000008a300000, 0x000000008a300000| Untracked 
| 114|0x000000008a400000, 0x000000008a400000, 0x000000008a500000|  0%| F|  |TAMS 0x000000008a400000, 0x000000008a400000| Untracked 
| 115|0x000000008a500000, 0x000000008a500000, 0x000000008a600000|  0%| F|  |TAMS 0x000000008a500000, 0x000000008a500000| Untracked 
| 116|0x000000008a600000, 0x000000008a6ca880, 0x000000008a700000| 79%| E|  |TAMS 0x000000008a600000, 0x000000008a600000| Complete 
| 117|0x000000008a700000, 0x000000008a800000, 0x000000008a800000|100%| E|CS|TAMS 0x000000008a700000, 0x000000008a700000| Complete 
| 118|0x000000008a800000, 0x000000008a900000, 0x000000008a900000|100%| E|CS|TAMS 0x000000008a800000, 0x000000008a800000| Complete 
| 119|0x000000008a900000, 0x000000008aa00000, 0x000000008aa00000|100%| E|CS|TAMS 0x000000008a900000, 0x000000008a900000| Complete 
| 120|0x000000008aa00000, 0x000000008ab00000, 0x000000008ab00000|100%| E|CS|TAMS 0x000000008aa00000, 0x000000008aa00000| Complete 
| 121|0x000000008ab00000, 0x000000008ac00000, 0x000000008ac00000|100%| E|CS|TAMS 0x000000008ab00000, 0x000000008ab00000| Complete 
| 122|0x000000008ac00000, 0x000000008ad00000, 0x000000008ad00000|100%| E|CS|TAMS 0x000000008ac00000, 0x000000008ac00000| Complete 
| 123|0x000000008ad00000, 0x000000008ae00000, 0x000000008ae00000|100%| E|CS|TAMS 0x000000008ad00000, 0x000000008ad00000| Complete 
| 124|0x000000008ae00000, 0x000000008af00000, 0x000000008af00000|100%| E|CS|TAMS 0x000000008ae00000, 0x000000008ae00000| Complete 
| 125|0x000000008af00000, 0x000000008b000000, 0x000000008b000000|100%| E|CS|TAMS 0x000000008af00000, 0x000000008af00000| Complete 

Card table byte_map: [0x00000165b3460000,0x00000165b3850000] _byte_map_base: 0x00000165b3047000

Marking Bits (Prev, Next): (CMBitMap*) 0x00000165a871dec0, (CMBitMap*) 0x00000165a871df00
 Prev Bits: [0x00000165b3c40000, 0x00000165b5b78000)
 Next Bits: [0x00000165b5b80000, 0x00000165b7ab8000)

Polling page: 0x00000165a66a0000

Metaspace:

Usage:
  Non-class:      7.41 MB used.
      Class:      1.11 MB used.
       Both:      8.51 MB used.

Virtual space:
  Non-class space:       64.00 MB reserved,       7.50 MB ( 12%) committed,  1 nodes.
      Class space:        1.00 GB reserved,       1.19 MB ( <1%) committed,  1 nodes.
             Both:        1.06 GB reserved,       8.69 MB ( <1%) committed. 

Chunk freelists:
   Non-Class:  8.48 MB
       Class:  14.81 MB
        Both:  23.30 MB

MaxMetaspaceSize: unlimited
CompressedClassSpaceSize: 1.00 GB
Initial GC threshold: 21.00 MB
Current GC threshold: 21.00 MB
CDS: on
MetaspaceReclaimPolicy: balanced
 - commit_granule_bytes: 65536.
 - commit_granule_words: 8192.
 - virtual_space_node_default_size: 8388608.
 - enlarge_chunks_in_place: 1.
 - new_chunks_are_fully_committed: 0.
 - uncommit_free_chunks: 1.
 - use_allocation_guard: 0.
 - handle_deallocations: 1.


Internal statistics:

num_allocs_failed_limit: 0.
num_arena_births: 194.
num_arena_deaths: 0.
num_vsnodes_births: 2.
num_vsnodes_deaths: 0.
num_space_committed: 139.
num_space_uncommitted: 0.
num_chunks_returned_to_freelist: 0.
num_chunks_taken_from_freelist: 388.
num_chunk_merges: 0.
num_chunk_splits: 232.
num_chunks_enlarged: 137.
num_inconsistent_stats: 0.

CodeCache: size=49152Kb used=4951Kb max_used=4951Kb free=44200Kb
 bounds [0x00000165aff60000, 0x00000165b0440000, 0x00000165b2f60000]
 total_blobs=1902 nmethods=1443 adapters=384
 compilation: enabled
              stopped_count=0, restarted_count=0
 full_count=0

Compilation events (20 events):
Event: 1.164 Thread 0x00000165ba7e43d0 1433       1       java.lang.invoke.VarHandleGuards::guard_LL_V (125 bytes)
Event: 1.164 Thread 0x00000165ba47a460 1434       1       java.lang.invoke.VarHandleReferences$FieldInstanceReadWrite::set (35 bytes)
Event: 1.164 Thread 0x00000165ba7e8900 1435       1       java.util.concurrent.ConcurrentLinkedDeque$Node::<init> (5 bytes)
Event: 1.164 Thread 0x00000165ba4a6810 1436       1       org.springframework.util.ConcurrentReferenceHashMap::clear (32 bytes)
Event: 1.164 Thread 0x00000165ba7e8900 nmethod 1435 0x00000165b0431c10 code [0x00000165b0431da0, 0x00000165b0431e58]
Event: 1.164 Thread 0x00000165ba4a6810 nmethod 1436 0x00000165b0431f10 code [0x00000165b04320a0, 0x00000165b04321c8]
Event: 1.165 Thread 0x00000165ba47a460 nmethod 1434 0x00000165b0432310 code [0x00000165b0432500, 0x00000165b0432928]
Event: 1.165 Thread 0x00000165ba7e43d0 nmethod 1433 0x00000165b0432e10 code [0x00000165b0433120, 0x00000165b04340f8]
Event: 1.165 Thread 0x00000165ba47a460 1438       1       java.lang.invoke.DirectMethodHandle::preparedLambdaForm (6 bytes)
Event: 1.165 Thread 0x00000165ba7e8900 1439       1       org.springframework.core.ResolvableType$DefaultVariableResolver::getSource (5 bytes)
Event: 1.166 Thread 0x00000165ba47a460 nmethod 1438 0x00000165b0434a10 code [0x00000165b0434ba0, 0x00000165b0434c68]
Event: 1.166 Thread 0x00000165ba7e43d0 1440       1       sun.reflect.generics.reflectiveObjects.ParameterizedTypeImpl::getRawType (5 bytes)
Event: 1.166 Thread 0x00000165ba7e8900 nmethod 1439 0x00000165b0434d10 code [0x00000165b0434ea0, 0x00000165b0434f78]
Event: 1.166 Thread 0x00000165ba7e43d0 nmethod 1440 0x00000165b0435010 code [0x00000165b04351a0, 0x00000165b0435278]
Event: 1.170 Thread 0x00000165ba7e8900 1441       1       java.util.HashMap::tableSizeFor (32 bytes)
Event: 1.170 Thread 0x00000165ba7e8900 nmethod 1441 0x00000165b0435310 code [0x00000165b04354c0, 0x00000165b0435608]
Event: 1.170 Thread 0x00000165ba7e8900 1442       1       java.util.concurrent.locks.AbstractQueuedSynchronizer::compareAndSetState (13 bytes)
Event: 1.171 Thread 0x00000165ba7e8900 nmethod 1442 0x00000165b0435690 code [0x00000165b0435820, 0x00000165b04358f8]
Event: 1.171 Thread 0x00000165ba7e8900 1443       1       org.springframework.core.ResolvableType::<init> (39 bytes)
Event: 1.171 Thread 0x00000165ba7e8900 nmethod 1443 0x00000165b0435990 code [0x00000165b0435b40, 0x00000165b0435e28]

GC Heap History (2 events):
Event: 0.958 GC heap before
{Heap before GC invocations=0 (full 0):
 garbage-first heap   total 129024K, used 23552K [0x0000000083200000, 0x0000000100000000)
  region size 1024K, 23 young (23552K), 0 survivors (0K)
 Metaspace       used 6707K, committed 6912K, reserved 1114112K
  class space    used 836K, committed 896K, reserved 1048576K
}
Event: 0.967 GC heap after
{Heap after GC invocations=1 (full 0):
 garbage-first heap   total 129024K, used 8213K [0x0000000083200000, 0x0000000100000000)
  region size 1024K, 3 young (3072K), 3 survivors (3072K)
 Metaspace       used 6707K, committed 6912K, reserved 1114112K
  class space    used 836K, committed 896K, reserved 1048576K
}

Deoptimization events (0 events):
No events

Classes unloaded (0 events):
No events

Classes redefined (0 events):
No events

Internal exceptions (20 events):
Event: 0.731 Thread 0x00000165ba4a2a10 Exception <a 'java/lang/NoSuchMethodError'{0x000000008a0ad5d0}: 'java.lang.Object java.lang.invoke.DirectMethodHandle$Holder.invokeStaticInit(java.lang.Object, java.lang.Object, int, int, int, int)'> (0x000000008a0ad5d0) 
thrown [s\open\src\hotspot\share\interpreter\linkResolver.cpp, line 759]
Event: 0.749 Thread 0x00000165ba4a2a10 Exception <a 'java/lang/ClassNotFoundException'{0x000000008a0cb7e8}: javax/management/remote/rmi/RMIServerImpl_Skel> (0x000000008a0cb7e8) 
thrown [s\open\src\hotspot\share\classfile\systemDictionary.cpp, line 256]
Event: 0.830 Thread 0x00000165ba7d9670 Exception <a 'java/lang/NoSuchMethodError'{0x0000000089d58760}: static [B.<clinit>()V> (0x0000000089d58760) 
thrown [s\open\src\hotspot\share\prims\jni.cpp, line 1112]
Event: 0.847 Thread 0x00000165ba7d9670 Exception <a 'java/lang/ClassNotFoundException'{0x0000000089cef4b0}: javax/management/remote/rmi/RMIConnectionImpl_Skel> (0x0000000089cef4b0) 
thrown [s\open\src\hotspot\share\classfile\systemDictionary.cpp, line 256]
Event: 0.847 Thread 0x00000165a86b9d30 Exception <a 'java/lang/NoSuchMethodError'{0x0000000089c30660}: 'java.lang.Object java.lang.invoke.DirectMethodHandle$Holder.invokeSpecial(java.lang.Object, java.lang.Object, java.lang.Object, long, java.lang.Object)'> (0x0000000089c30660) 
thrown [s\open\src\hotspot\share\interpreter\linkResolver.cpp, line 759]
Event: 0.848 Thread 0x00000165a86b9d30 Exception <a 'java/lang/NoSuchMethodError'{0x0000000089c34230}: 'java.lang.Object java.lang.invoke.Invokers$Holder.linkToTargetMethod(java.lang.Object, long, java.lang.Object, java.lang.Object)'> (0x0000000089c34230) 
thrown [s\open\src\hotspot\share\interpreter\linkResolver.cpp, line 759]
Event: 0.848 Thread 0x00000165ba7d9160 Exception <a 'java/lang/NoSuchMethodError'{0x0000000089c93900}: 'java.lang.Object java.lang.invoke.Invokers$Holder.linkToTargetMethod(java.lang.Object, long, java.lang.Object)'> (0x0000000089c93900) 
thrown [s\open\src\hotspot\share\interpreter\linkResolver.cpp, line 759]
Event: 0.860 Thread 0x00000165a86b9d30 Exception <a 'java/lang/ClassNotFoundException'{0x0000000089c5aa70}: javax/smartcardio/CardPermission> (0x0000000089c5aa70) 
thrown [s\open\src\hotspot\share\classfile\systemDictionary.cpp, line 256]
Event: 0.865 Thread 0x00000165a86b9d30 Exception <a 'java/io/FileNotFoundException'{0x0000000089c68fe0}> (0x0000000089c68fe0) 
thrown [s\open\src\hotspot\share\prims\jni.cpp, line 516]
Event: 0.926 Thread 0x00000165a86b9d30 Exception <a 'java/lang/NoSuchMethodError'{0x0000000089af6bf0}: 'void java.lang.invoke.DirectMethodHandle$Holder.invokeStatic(java.lang.Object, java.lang.Object, java.lang.Object, java.lang.Object)'> (0x0000000089af6bf0) 
thrown [s\open\src\hotspot\share\interpreter\linkResolver.cpp, line 759]
Event: 0.976 Thread 0x00000165a86b9d30 Exception <a 'java/lang/NoSuchMethodError'{0x000000008af51170}: 'int java.lang.invoke.DirectMethodHandle$Holder.invokeStaticInit(java.lang.Object, java.lang.Object)'> (0x000000008af51170) 
thrown [s\open\src\hotspot\share\interpreter\linkResolver.cpp, line 759]
Event: 1.012 Thread 0x00000165a86b9d30 Exception <a 'java/lang/NoSuchMethodError'{0x000000008aefd820}: 'void java.lang.invoke.DirectMethodHandle$Holder.invokeInterface(java.lang.Object, java.lang.Object, java.lang.Object, java.lang.Object)'> (0x000000008aefd820) 
thrown [s\open\src\hotspot\share\interpreter\linkResolver.cpp, line 759]
Event: 1.044 Thread 0x00000165a86b9d30 Exception <a 'java/lang/NoSuchMethodError'{0x000000008ac98508}: 'java.lang.Object java.lang.invoke.DirectMethodHandle$Holder.invokeInterface(java.lang.Object, java.lang.Object)'> (0x000000008ac98508) 
thrown [s\open\src\hotspot\share\interpreter\linkResolver.cpp, line 759]
Event: 1.059 Thread 0x00000165a86b9d30 Exception <a 'java/lang/NoSuchMethodError'{0x000000008ab31a98}: 'java.lang.Object java.lang.invoke.DirectMethodHandle$Holder.invokeSpecialIFC(java.lang.Object, java.lang.Object, java.lang.Object, java.lang.Object)'> (0x000000008ab31a98) 
thrown [s\open\src\hotspot\share\interpreter\linkResolver.cpp, line 759]
Event: 1.061 Thread 0x00000165a86b9d30 Exception <a 'java/lang/NoSuchMethodError'{0x000000008ab4ef28}: 'java.lang.Object java.lang.invoke.DirectMethodHandle$Holder.invokeInterface(java.lang.Object, java.lang.Object, java.lang.Object)'> (0x000000008ab4ef28) 
thrown [s\open\src\hotspot\share\interpreter\linkResolver.cpp, line 759]
Event: 1.079 Thread 0x00000165a86b9d30 Exception <a 'java/lang/NoSuchMethodError'{0x000000008aa16b10}: 'int java.lang.invoke.DirectMethodHandle$Holder.invokeStaticInit(java.lang.Object, java.lang.Object, java.lang.Object)'> (0x000000008aa16b10) 
thrown [s\open\src\hotspot\share\interpreter\linkResolver.cpp, line 759]
Event: 1.082 Thread 0x00000165a86b9d30 Exception <a 'java/lang/NoSuchMethodError'{0x000000008aa47df8}: 'java.lang.Object java.lang.invoke.DirectMethodHandle$Holder.invokeVirtual(java.lang.Object, java.lang.Object, java.lang.Object)'> (0x000000008aa47df8) 
thrown [s\open\src\hotspot\share\interpreter\linkResolver.cpp, line 759]
Event: 1.086 Thread 0x00000165a86b9d30 Exception <a 'java/lang/NoSuchMethodError'{0x000000008aa82038}: 'java.lang.Object java.lang.invoke.DirectMethodHandle$Holder.newInvokeSpecial(java.lang.Object, java.lang.Object, java.lang.Object, java.lang.Object, java.lang.Object)'> (0x000000008aa82038) 
thrown [s\open\src\hotspot\share\interpreter\linkResolver.cpp, line 759]
Event: 1.093 Thread 0x00000165a86b9d30 Exception <a 'java/lang/NoSuchMethodError'{0x000000008aad6568}: 'java.lang.Object java.lang.invoke.DirectMethodHandle$Holder.invokeStaticInit(java.lang.Object, java.lang.Object, java.lang.Object)'> (0x000000008aad6568) 
thrown [s\open\src\hotspot\share\interpreter\linkResolver.cpp, line 759]
Event: 1.104 Thread 0x00000165a86b9d30 Exception <a 'java/lang/IncompatibleClassChangeError'{0x000000008a945de8}: Found class java.lang.Object, but interface was expected> (0x000000008a945de8) 
thrown [s\open\src\hotspot\share\interpreter\linkResolver.cpp, line 826]

VM Operations (20 events):
Event: 0.487 Executing VM operation: HandshakeAllThreads
Event: 0.487 Executing VM operation: HandshakeAllThreads done
Event: 0.545 Executing VM operation: HandshakeAllThreads
Event: 0.545 Executing VM operation: HandshakeAllThreads done
Event: 0.547 Executing VM operation: HandshakeAllThreads
Event: 0.547 Executing VM operation: HandshakeAllThreads done
Event: 0.662 Executing VM operation: HandshakeAllThreads
Event: 0.662 Executing VM operation: HandshakeAllThreads done
Event: 0.770 Executing VM operation: HandshakeAllThreads
Event: 0.770 Executing VM operation: HandshakeAllThreads done
Event: 0.806 Executing VM operation: HandshakeAllThreads
Event: 0.806 Executing VM operation: HandshakeAllThreads done
Event: 0.811 Executing VM operation: HandshakeAllThreads
Event: 0.811 Executing VM operation: HandshakeAllThreads done
Event: 0.846 Executing VM operation: HandshakeAllThreads
Event: 0.846 Executing VM operation: HandshakeAllThreads done
Event: 0.957 Executing VM operation: G1CollectForAllocation
Event: 0.967 Executing VM operation: G1CollectForAllocation done
Event: 1.114 Executing VM operation: HandshakeAllThreads
Event: 1.114 Executing VM operation: HandshakeAllThreads done

Events (20 events):
Event: 1.159 loading class java/time/DateTimeException done
Event: 1.159 loading class java/time/format/DateTimeParseException done
Event: 1.160 loading class java/time/OffsetTime
Event: 1.160 loading class java/time/OffsetTime done
Event: 1.162 loading class java/time/Year
Event: 1.162 loading class java/time/Year done
Event: 1.162 loading class java/time/Month
Event: 1.162 loading class java/time/Month done
Event: 1.163 loading class java/time/YearMonth
Event: 1.163 loading class java/time/YearMonth done
Event: 1.163 loading class java/time/MonthDay
Event: 1.164 loading class java/time/MonthDay done
Event: 1.165 loading class sun/reflect/generics/tree/CharSignature
Event: 1.165 loading class sun/reflect/generics/tree/CharSignature done
Event: 1.165 loading class sun/reflect/generics/tree/ArrayTypeSignature
Event: 1.165 loading class sun/reflect/generics/tree/ArrayTypeSignature done
Event: 1.166 loading class java/net/UnknownHostException
Event: 1.166 loading class java/net/UnknownHostException done
Event: 1.170 loading class sun/reflect/generics/tree/ByteSignature
Event: 1.170 loading class sun/reflect/generics/tree/ByteSignature done


Dynamic libraries:
0x00007ff79edd0000 - 0x00007ff79ede0000 	C:\Program Files\Java\jdk-17\bin\java.exe
0x00007ffca55d0000 - 0x00007ffca57e7000 	C:\WINDOWS\SYSTEM32\ntdll.dll
0x00007ffca4ea0000 - 0x00007ffca4f64000 	C:\WINDOWS\System32\KERNEL32.DLL
0x00007ffca28e0000 - 0x00007ffca2c97000 	C:\WINDOWS\System32\KERNELBASE.dll
0x00007ffca2cd0000 - 0x00007ffca2de1000 	C:\WINDOWS\System32\ucrtbase.dll
0x00007ffc8a590000 - 0x00007ffc8a5a9000 	C:\Program Files\Java\jdk-17\bin\jli.dll
0x00007ffc89400000 - 0x00007ffc8941b000 	C:\Program Files\Java\jdk-17\bin\VCRUNTIME140.dll
0x00007ffca48d0000 - 0x00007ffca4982000 	C:\WINDOWS\System32\ADVAPI32.dll
0x00007ffca3780000 - 0x00007ffca3827000 	C:\WINDOWS\System32\msvcrt.dll
0x00007ffca5280000 - 0x00007ffca5328000 	C:\WINDOWS\System32\sechost.dll
0x00007ffca2ca0000 - 0x00007ffca2cc8000 	C:\WINDOWS\System32\bcrypt.dll
0x00007ffca5110000 - 0x00007ffca5224000 	C:\WINDOWS\System32\RPCRT4.dll
0x00007ffca3da0000 - 0x00007ffca3f4f000 	C:\WINDOWS\System32\USER32.dll
0x00007ffca32d0000 - 0x00007ffca32f6000 	C:\WINDOWS\System32\win32u.dll
0x00007ffc8c0f0000 - 0x00007ffc8c383000 	C:\WINDOWS\WinSxS\amd64_microsoft.windows.common-controls_6595b64144ccf1df_6.0.22621.3672_none_2713b9d173822955\COMCTL32.dll
0x00007ffca4a80000 - 0x00007ffca4aa9000 	C:\WINDOWS\System32\GDI32.dll
0x00007ffca2e70000 - 0x00007ffca2f88000 	C:\WINDOWS\System32\gdi32full.dll
0x00007ffca3050000 - 0x00007ffca30ea000 	C:\WINDOWS\System32\msvcp_win.dll
0x00007ffc9c940000 - 0x00007ffc9c94a000 	C:\WINDOWS\SYSTEM32\VERSION.dll
0x00007ffca4f70000 - 0x00007ffca4fa1000 	C:\WINDOWS\System32\IMM32.DLL
0x00007ffc8a960000 - 0x00007ffc8a96c000 	C:\Program Files\Java\jdk-17\bin\vcruntime140_1.dll
0x00007ffc710c0000 - 0x00007ffc7114e000 	C:\Program Files\Java\jdk-17\bin\msvcp140.dll
0x00007ffbe6a60000 - 0x00007ffbe7640000 	C:\Program Files\Java\jdk-17\bin\server\jvm.dll
0x00007ffca48c0000 - 0x00007ffca48c8000 	C:\WINDOWS\System32\PSAPI.DLL
0x00007ffc90c40000 - 0x00007ffc90c49000 	C:\WINDOWS\SYSTEM32\WSOCK32.dll
0x00007ffc9c010000 - 0x00007ffc9c044000 	C:\WINDOWS\SYSTEM32\WINMM.dll
0x00007ffca3830000 - 0x00007ffca38a1000 	C:\WINDOWS\System32\WS2_32.dll
0x00007ffca1960000 - 0x00007ffca1978000 	C:\WINDOWS\SYSTEM32\kernel.appcore.dll
0x00007ffc894f0000 - 0x00007ffc894fa000 	C:\Program Files\Java\jdk-17\bin\jimage.dll
0x00007ffca0100000 - 0x00007ffca0332000 	C:\WINDOWS\SYSTEM32\DBGHELP.DLL
0x00007ffca4b10000 - 0x00007ffca4e9e000 	C:\WINDOWS\System32\combase.dll
0x00007ffca49a0000 - 0x00007ffca4a77000 	C:\WINDOWS\System32\OLEAUT32.dll
0x00007ffc98320000 - 0x00007ffc98352000 	C:\WINDOWS\SYSTEM32\dbgcore.DLL
0x00007ffca2df0000 - 0x00007ffca2e6b000 	C:\WINDOWS\System32\bcryptPrimitives.dll
0x00007ffc98ba0000 - 0x00007ffc98bae000 	C:\Program Files\Java\jdk-17\bin\instrument.dll
0x00007ffc742f0000 - 0x00007ffc74315000 	C:\Program Files\Java\jdk-17\bin\java.dll
0x00007ffc4b2b0000 - 0x00007ffc4b387000 	C:\Program Files\Java\jdk-17\bin\jsvml.dll
0x00007ffca3f50000 - 0x00007ffca47b9000 	C:\WINDOWS\System32\SHELL32.dll
0x00007ffca0800000 - 0x00007ffca10ff000 	C:\WINDOWS\SYSTEM32\windows.storage.dll
0x00007ffca06c0000 - 0x00007ffca07ff000 	C:\WINDOWS\SYSTEM32\wintypes.dll
0x00007ffca3a70000 - 0x00007ffca3b69000 	C:\WINDOWS\System32\SHCORE.dll
0x00007ffca50b0000 - 0x00007ffca510e000 	C:\WINDOWS\System32\shlwapi.dll
0x00007ffca2810000 - 0x00007ffca2837000 	C:\WINDOWS\SYSTEM32\profapi.dll
0x00007ffc729d0000 - 0x00007ffc729e8000 	C:\Program Files\Java\jdk-17\bin\zip.dll
0x00007ffc85b70000 - 0x00007ffc85b89000 	C:\Program Files\Java\jdk-17\bin\net.dll
0x00007ffc9e540000 - 0x00007ffc9e676000 	C:\WINDOWS\SYSTEM32\WINHTTP.dll
0x00007ffca1e40000 - 0x00007ffca1ea9000 	C:\WINDOWS\system32\mswsock.dll
0x00007ffc83370000 - 0x00007ffc83386000 	C:\Program Files\Java\jdk-17\bin\nio.dll
0x00007ffc8f720000 - 0x00007ffc8f73a000 	C:\Program Files\JetBrains\IntelliJ IDEA 2024.2.0.2\bin\breakgen64.dll
0x00007ffca13d0000 - 0x00007ffca14d2000 	C:\WINDOWS\SYSTEM32\DNSAPI.dll
0x00007ffca1360000 - 0x00007ffca138d000 	C:\WINDOWS\SYSTEM32\IPHLPAPI.DLL
0x00007ffca48b0000 - 0x00007ffca48b9000 	C:\WINDOWS\System32\NSI.dll
0x00007ffc9dd50000 - 0x00007ffc9dd5a000 	C:\Windows\System32\rasadhlp.dll
0x00007ffc9d2b0000 - 0x00007ffc9d333000 	C:\WINDOWS\System32\fwpuclnt.dll
0x00007ffc968a0000 - 0x00007ffc968aa000 	C:\Program Files\Java\jdk-17\bin\management.dll
0x00007ffc8f6f0000 - 0x00007ffc8f6fb000 	C:\Program Files\Java\jdk-17\bin\management_ext.dll
0x00007ffca2190000 - 0x00007ffca21ab000 	C:\WINDOWS\SYSTEM32\CRYPTSP.dll
0x00007ffca18c0000 - 0x00007ffca18f5000 	C:\WINDOWS\system32\rsaenh.dll
0x00007ffca1ee0000 - 0x00007ffca1f08000 	C:\WINDOWS\SYSTEM32\USERENV.dll
0x00007ffca2170000 - 0x00007ffca217c000 	C:\WINDOWS\SYSTEM32\CRYPTBASE.dll
0x00007ffc9e140000 - 0x00007ffc9e159000 	C:\WINDOWS\SYSTEM32\dhcpcsvc6.DLL
0x00007ffc9e120000 - 0x00007ffc9e13f000 	C:\WINDOWS\SYSTEM32\dhcpcsvc.DLL
0x00007ffc81380000 - 0x00007ffc81397000 	C:\WINDOWS\system32\napinsp.dll
0x00007ffc81360000 - 0x00007ffc8137b000 	C:\WINDOWS\system32\pnrpnsp.dll
0x00007ffc81340000 - 0x00007ffc81351000 	C:\WINDOWS\System32\winrnr.dll
0x00007ffc9cd50000 - 0x00007ffc9cd65000 	C:\WINDOWS\system32\wshbth.dll
0x00007ffc81310000 - 0x00007ffc81337000 	C:\WINDOWS\system32\nlansp_c.dll
0x00007ffc7bc20000 - 0x00007ffc7bc79000 	C:\WINDOWS\SYSTEM32\pdh.dll

dbghelp: loaded successfully - version: 4.0.5 - missing functions: none
symbol engine: initialized successfully - sym options: 0x614 - pdb path: .;C:\Program Files\Java\jdk-17\bin;C:\WINDOWS\SYSTEM32;C:\WINDOWS\WinSxS\amd64_microsoft.windows.common-controls_6595b64144ccf1df_6.0.22621.3672_none_2713b9d173822955;C:\Program Files\Java\jdk-17\bin\server;C:\Program Files\JetBrains\IntelliJ IDEA 2024.2.0.2\bin

VM Arguments:
jvm_args: -XX:TieredStopAtLevel=1 -Dspring.output.ansi.enabled=always -Dcom.sun.management.jmxremote -Dspring.jmx.enabled=true -Dspring.liveBeansView.mbeanDomain -Dspring.application.admin.enabled=true -Dmanagement.endpoints.jmx.exposure.include=* -javaagent:C:\Program Files\JetBrains\IntelliJ IDEA 2024.2.0.2\lib\idea_rt.jar=51729:C:\Program Files\JetBrains\IntelliJ IDEA 2024.2.0.2\bin -Dfile.encoding=UTF-8 
java_command: com.universidad.user.UserServiceApplication
java_class_path (initial): D:\Nueva carpeta (4)\APP\user-service\target\classes;C:\Users\Usuario\.m2\repository\org\springframework\boot\spring-boot-starter-webflux\3.1.4\spring-boot-starter-webflux-3.1.4.jar;C:\Users\Usuario\.m2\repository\org\springframework\boot\spring-boot-starter\3.1.4\spring-boot-starter-3.1.4.jar;C:\Users\Usuario\.m2\repository\org\springframework\boot\spring-boot\3.1.4\spring-boot-3.1.4.jar;C:\Users\Usuario\.m2\repository\org\springframework\boot\spring-boot-autoconfigure\3.1.4\spring-boot-autoconfigure-3.1.4.jar;C:\Users\Usuario\.m2\repository\org\springframework\boot\spring-boot-starter-logging\3.1.4\spring-boot-starter-logging-3.1.4.jar;C:\Users\Usuario\.m2\repository\ch\qos\logback\logback-classic\1.4.11\logback-classic-1.4.11.jar;C:\Users\Usuario\.m2\repository\ch\qos\logback\logback-core\1.4.11\logback-core-1.4.11.jar;C:\Users\Usuario\.m2\repository\org\apache\logging\log4j\log4j-to-slf4j\2.20.0\log4j-to-slf4j-2.20.0.jar;C:\Users\Usuario\.m2\repository\org\apache\logging\log4j\log4j-api\2.20.0\log4j-api-2.20.0.jar;C:\Users\Usuario\.m2\repository\org\slf4j\jul-to-slf4j\2.0.9\jul-to-slf4j-2.0.9.jar;C:\Users\Usuario\.m2\repository\jakarta\annotation\jakarta.annotation-api\2.1.1\jakarta.annotation-api-2.1.1.jar;C:\Users\Usuario\.m2\repository\org\yaml\snakeyaml\1.33\snakeyaml-1.33.jar;C:\Users\Usuario\.m2\repository\org\springframework\boot\spring-boot-starter-json\3.1.4\spring-boot-starter-json-3.1.4.jar;C:\Users\Usuario\.m2\repository\com\fasterxml\jackson\datatype\jackson-datatype-jdk8\2.15.2\jackson-datatype-jdk8-2.15.2.jar;C:\Users\Usuario\.m2\repository\com\fasterxml\jackson\datatype\jackson-datatype-jsr310\2.15.2\jackson-datatype-jsr310-2.15.2.jar;C:\Users\Usuario\.m2\repository\com\fasterxml\jackson\module\jackson-module-parameter-names\2.15.2\jackson-module-parameter-names-2.15.2.jar;C:\Users\Usuario\.m2\repository\org\springframework\boot\spring-boot-starter-reactor-netty\3.1.4\spring-boot-starter-reactor-netty-3.1.4.jar;C:\Use
Launcher Type: SUN_STANDARD

[Global flags]
     intx CICompilerCount                          = 4                                         {product} {ergonomic}
     uint ConcGCThreads                            = 2                                         {product} {ergonomic}
     uint G1ConcRefinementThreads                  = 8                                         {product} {ergonomic}
   size_t G1HeapRegionSize                         = 1048576                                   {product} {ergonomic}
    uintx GCDrainStackTargetSize                   = 64                                        {product} {ergonomic}
   size_t InitialHeapSize                          = 132120576                                 {product} {ergonomic}
     bool ManagementServer                         = true                                      {product} {command line}
   size_t MarkStackSize                            = 4194304                                   {product} {ergonomic}
   size_t MaxHeapSize                              = 2095054848                                {product} {ergonomic}
   size_t MaxNewSize                               = 1256194048                                {product} {ergonomic}
   size_t MinHeapDeltaBytes                        = 1048576                                   {product} {ergonomic}
   size_t MinHeapSize                              = 8388608                                   {product} {ergonomic}
    uintx NonProfiledCodeHeapSize                  = 0                                      {pd product} {ergonomic}
     bool ProfileInterpreter                       = false                                  {pd product} {command line}
    uintx ProfiledCodeHeapSize                     = 0                                      {pd product} {ergonomic}
   size_t SoftMaxHeapSize                          = 2095054848                             {manageable} {ergonomic}
     intx TieredStopAtLevel                        = 1                                         {product} {command line}
     bool UseCompressedClassPointers               = true                           {product lp64_product} {ergonomic}
     bool UseCompressedOops                        = true                           {product lp64_product} {ergonomic}
     bool UseG1GC                                  = true                                      {product} {ergonomic}
     bool UseLargePagesIndividualAllocation        = false                                  {pd product} {ergonomic}

Logging:
Log output configuration:
 #0: stdout all=warning uptime,level,tags
 #1: stderr all=off uptime,level,tags

Environment Variables:
JAVA_HOME=C:\Program Files\Java\jdk-17
PATH=C:\Program Files\Java\jdk-17\bin;C:\Program Files\Microsoft\jdk-11.0.16.101-hotspot\bin;C:\Program Files\Common Files\Oracle\Java\javapath;C:\Program Files (x86)\Common Files\Oracle\Java\java8path;C:\Program Files (x86)\Common Files\Oracle\Java\javapath;C:\WINDOWS\system32;C:\WINDOWS;C:\WINDOWS\System32\Wbem;C:\WINDOWS\System32\WindowsPowerShell\v1.0\;C:\WINDOWS\System32\OpenSSH\;C:\Program Files\Java\jdk-20\bin;C:\Program Files\Microsoft SQL Server\150\Tools\Binn\;C:\Program Files (x86)\Microchip\MPLAB C32 Suite\bin;C:\Program Files\nodejs\;C:\laragon\bin\php\php-8.3.7-Win32-vs16-x64;C:\ProgramData\ComposerSetup\bin;C:\Program Files\Git\cmd;C:\laragon\bin;C:\laragon\bin\apache\httpd-2.4.54-win64-VS16\bin;C:\laragon\bin\composer;C:\laragon\bin\git\bin;C:\laragon\bin\git\cmd;C:\laragon\bin\git\mingw64\bin;C:\laragon\bin\git\usr\bin;C:\laragon\bin\laragon\utils;C:\laragon\bin\mysql\mysql-8.0.30-winx64\bin;C:\laragon\bin\nginx\nginx-1.22.0;C:\laragon\bin\ngrok;C:\laragon\bin\nodejs\node-v18;C:\laragon\bin\notepad++;C:\laragon\bin\php\php-8.3.7-Win32-vs16-x64;C:\laragon\bin\python\python-3.10;C:\laragon\bin\python\python-3.10\Scripts;C:\laragon\bin\redis\redis-x64-5.0.14.1;C:\laragon\bin\telnet;C:\laragon\usr\bin;C:\Users\Usuario\AppData\Local\Yarn\config\global\node_modules\.bin;C:\Users\Usuario\AppData\Roaming\Composer\vendor\bin;C:\Users\Usuario\AppData\Roaming\npm;C:\Users\Usuario\AppData\Local\Microsoft\WindowsApps;C:\Users\Usuario\AppData\Local\Programs\Microsoft VS Code\bin;
USERNAME=Bisleyn
OS=Windows_NT
PROCESSOR_IDENTIFIER=Intel64 Family 6 Model 140 Stepping 1, GenuineIntel



---------------  S Y S T E M  ---------------

OS:
 Windows 11 , 64 bit Build 22621 (10.0.22621.3958)
OS uptime: 7 days 16:13 hours
Hyper-V role detected

CPU: total 8 (initial active 8) (4 cores per cpu, 2 threads per core) family 6 model 140 stepping 1 microcode 0x9a, cx8, cmov, fxsr, ht, mmx, 3dnowpref, sse, sse2, sse3, ssse3, sse4.1, sse4.2, popcnt, lzcnt, tsc, tscinvbit, avx, avx2, aes, erms, clmul, bmi1, bmi2, adx, avx512f, avx512dq, avx512cd, avx512bw, avx512vl, sha, fma, vzeroupper, avx512_vpopcntdq, avx512_vpclmulqdq, avx512_vaes, avx512_vnni, clflush, clflushopt, clwb, avx512_vbmi2, avx512_vbmi, hv

Memory: 4k page, system-wide physical 7991M (767M free)
TotalPageFile size 31253M (AvailPageFile size 247M)
current process WorkingSet (physical memory assigned to process): 88M, peak: 88M
current process commit charge ("private bytes"): 228M, peak: 229M

vm_info: Java HotSpot(TM) 64-Bit Server VM (17.0.11+7-LTS-207) for windows-amd64 JRE (17.0.11+7-LTS-207), built on Mar 11 2024 19:01:50 by "mach5one" with MS VC++ 17.6 (VS2022)

END.
